#
# A fatal error has been detected by the Java Runtime Environment:
#
#  EXCEPTION_ACCESS_VIOLATION (0xc0000005) at pc=0x00007fff55d14068, pid=21036, tid=14756
#
# JRE version: Java(TM) SE Runtime Environment (14.0.1+7) (build 14.0.1+7)
# Java VM: Java HotSpot(TM) 64-Bit Server VM (14.0.1+7, mixed mode, sharing, tiered, compressed oops, g1 gc, windows-amd64)
# Problematic frame:
# C  [ig9icd64.dll+0x14068]
#
# No core dump will be written. Minidumps are not enabled by default on client versions of Windows
#
# If you would like to submit a bug report, please visit:
#   https://bugreport.java.com/bugreport/crash.jsp
# The crash happened outside the Java Virtual Machine in native code.
# See problematic frame for where to report the bug.
#

---------------  S U M M A R Y ------------

Command Line: -Dvisualvm.id=266325669510499 -Didea.launcher.port=62988 -Didea.launcher.bin.path=C:\Program Files\JetBrains\IntelliJ IDEA 2019.1.1\bin -Dfile.encoding=UTF-8 com.intellij.rt.execution.application.AppMainV2 P2_4.Code

Host: Intel(R) Core(TM) i5-8250U CPU @ 1.60GHz, 8 cores, 7G,  Windows 10 , 64 bit Build 18362 (10.0.18362.778)
Time: Thu May 14 11:15:26 2020 Eastern Daylight Time elapsed time: 2 seconds (0d 0h 0m 2s)

---------------  T H R E A D  ---------------

Current thread (0x000001bc7342a000):  JavaThread "AWT-EventQueue-0" [_thread_in_native, id=14756, stack(0x0000007d55100000,0x0000007d55200000)]

Stack: [0x0000007d55100000,0x0000007d55200000],  sp=0x0000007d551fe360,  free space=1016k
Native frames: (J=compiled Java code, j=interpreted, Vv=VM code, C=native code)
C  [ig9icd64.dll+0x14068]

Java frames: (J=compiled Java code, j=interpreted, Vv=VM code)
j  jogamp.opengl.gl4.GL4bcImpl.dispatch_glDrawArrays1(IIIJ)V+0
j  jogamp.opengl.gl4.GL4bcImpl.glDrawArrays(III)V+45
j  P2_4.Code.display(Lcom/jogamp/opengl/GLAutoDrawable;)V+60
j  jogamp.opengl.GLDrawableHelper.displayImpl(Lcom/jogamp/opengl/GLAutoDrawable;)V+81
j  jogamp.opengl.GLDrawableHelper.display(Lcom/jogamp/opengl/GLAutoDrawable;)V+2
j  com.jogamp.opengl.awt.GLCanvas$11.run()V+118
j  jogamp.opengl.GLDrawableHelper.invokeGLImpl(Lcom/jogamp/opengl/GLDrawable;Lcom/jogamp/opengl/GLContext;Ljava/lang/Runnable;Ljava/lang/Runnable;)V+203
j  jogamp.opengl.GLDrawableHelper.invokeGL(Lcom/jogamp/opengl/GLDrawable;Lcom/jogamp/opengl/GLContext;Ljava/lang/Runnable;Ljava/lang/Runnable;)V+72
j  com.jogamp.opengl.awt.GLCanvas$12.run()V+104
j  com.jogamp.opengl.Threading.invoke(ZLjava/lang/Runnable;Ljava/lang/Object;)V+27
j  com.jogamp.opengl.awt.GLCanvas.display()V+64
j  com.jogamp.opengl.awt.GLCanvas.paint(Ljava/awt/Graphics;)V+137
j  sun.awt.RepaintArea.paintComponent(Ljava/awt/Component;Ljava/awt/Graphics;)V+6 java.desktop@14.0.1
j  sun.awt.RepaintArea.paint(Ljava/lang/Object;Z)V+326 java.desktop@14.0.1
j  sun.awt.windows.WComponentPeer.handleEvent(Ljava/awt/AWTEvent;)V+155 java.desktop@14.0.1
j  java.awt.Component.dispatchEventImpl(Ljava/awt/AWTEvent;)V+733 java.desktop@14.0.1
j  java.awt.Component.dispatchEvent(Ljava/awt/AWTEvent;)V+2 java.desktop@14.0.1
j  java.awt.EventQueue.dispatchEventImpl(Ljava/awt/AWTEvent;Ljava/lang/Object;)V+41 java.desktop@14.0.1
j  java.awt.EventQueue$4.run()Ljava/lang/Void;+32 java.desktop@14.0.1
j  java.awt.EventQueue$4.run()Ljava/lang/Object;+1 java.desktop@14.0.1
J 641 c1 java.security.AccessController.executePrivileged(Ljava/security/PrivilegedAction;Ljava/security/AccessControlContext;Ljava/lang/Class;)Ljava/lang/Object; java.base@14.0.1 (65 bytes) @ 0x000001bc5be6b044 [0x000001bc5be6aee0+0x0000000000000164]
j  java.security.AccessController.doPrivileged(Ljava/security/PrivilegedAction;Ljava/security/AccessControlContext;)Ljava/lang/Object;+13 java.base@14.0.1
j  java.security.ProtectionDomain$JavaSecurityAccessImpl.doIntersectionPrivilege(Ljava/security/PrivilegedAction;Ljava/security/AccessControlContext;Ljava/security/AccessControlContext;)Ljava/lang/Object;+18 java.base@14.0.1
j  java.security.ProtectionDomain$JavaSecurityAccessImpl.doIntersectionPrivilege(Ljava/security/PrivilegedAction;Ljava/security/AccessControlContext;)Ljava/lang/Object;+6 java.base@14.0.1
j  java.awt.EventQueue$5.run()Ljava/lang/Void;+11 java.desktop@14.0.1
j  java.awt.EventQueue$5.run()Ljava/lang/Object;+1 java.desktop@14.0.1
J 641 c1 java.security.AccessController.executePrivileged(Ljava/security/PrivilegedAction;Ljava/security/AccessControlContext;Ljava/lang/Class;)Ljava/lang/Object; java.base@14.0.1 (65 bytes) @ 0x000001bc5be6b044 [0x000001bc5be6aee0+0x0000000000000164]
j  java.security.AccessController.doPrivileged(Ljava/security/PrivilegedAction;Ljava/security/AccessControlContext;)Ljava/lang/Object;+13 java.base@14.0.1
j  java.security.ProtectionDomain$JavaSecurityAccessImpl.doIntersectionPrivilege(Ljava/security/PrivilegedAction;Ljava/security/AccessControlContext;Ljava/security/AccessControlContext;)Ljava/lang/Object;+18 java.base@14.0.1
j  java.awt.EventQueue.dispatchEvent(Ljava/awt/AWTEvent;)V+73 java.desktop@14.0.1
j  java.awt.EventDispatchThread.pumpOneEventForFilters(I)V+78 java.desktop@14.0.1
j  java.awt.EventDispatchThread.pumpEventsForFilter(ILjava/awt/Conditional;Ljava/awt/EventFilter;)V+35 java.desktop@14.0.1
j  java.awt.EventDispatchThread.pumpEventsForHierarchy(ILjava/awt/Conditional;Ljava/awt/Component;)V+11 java.desktop@14.0.1
j  java.awt.EventDispatchThread.pumpEvents(ILjava/awt/Conditional;)V+4 java.desktop@14.0.1
j  java.awt.EventDispatchThread.pumpEvents(Ljava/awt/Conditional;)V+3 java.desktop@14.0.1
j  java.awt.EventDispatchThread.run()V+9 java.desktop@14.0.1
v  ~StubRoutines::call_stub

siginfo: EXCEPTION_ACCESS_VIOLATION (0xc0000005), reading address 0x0000000000000000


Register to memory mapping:

RIP=0x00007fff55d14068 ig9icd64.dll
RAX=0x00007fff55d14068 ig9icd64.dll
RBX=0x000001bc735081d0 points into unknown readable memory: a0 a5 e2 74 bc 01 00 00
RCX=0x000001bc00420030 points into unknown readable memory: 00 00 00 00 00 00 00 00
RDX=0x00007fff55d00000 ig9icd64.dll
RSP=0x0000007d551fe360 is pointing into the stack for thread: 0x000001bc7342a000
RBP=0x000001bc735081d0 points into unknown readable memory: a0 a5 e2 74 bc 01 00 00
RSI=0x0000000000000003 is an unknown value
RDI=0x0000000000000010 is an unknown value
R8 =0x0000000000000030 is an unknown value
R9 =0x0000000000000030 is an unknown value
R10=0x0000000000000010 is an unknown value
R11=0x0 is NULL
R12=0x0000000000000001 is an unknown value
R13=0x000001bc734dcc00 points into unknown readable memory: 80 e0 47 73 bc 01 00 00
R14=0x0000000000000004 is an unknown value
R15=0x0 is NULL


Registers:
RAX=0x00007fff55d14068, RBX=0x000001bc735081d0, RCX=0x000001bc00420030, RDX=0x00007fff55d00000
RSP=0x0000007d551fe360, RBP=0x000001bc735081d0, RSI=0x0000000000000003, RDI=0x0000000000000010
R8 =0x0000000000000030, R9 =0x0000000000000030, R10=0x0000000000000010, R11=0x0000000000000000
R12=0x0000000000000001, R13=0x000001bc734dcc00, R14=0x0000000000000004, R15=0x0000000000000000
RIP=0x00007fff55d14068, EFLAGS=0x0000000000010202

Top of Stack: (sp=0x0000007d551fe360)
0x0000007d551fe360:   0000000000000000 0000000000000004
0x0000007d551fe370:   000001bc735081d0 00007fff565c1dcc
0x0000007d551fe380:   000001bc735081f0 00007fff55ec95d9
0x0000007d551fe390:   0000000000000000 000001bc734dcc00
0x0000007d551fe3a0:   000001bc735081d0 00007fff55ec7d2a
0x0000007d551fe3b0:   000001bc74e20710 000001bc74982c7c
0x0000007d551fe3c0:   0000000100000006 0000000000000005
0x0000007d551fe3d0:   000001bc7342a000 0000000000000000
0x0000007d551fe3e0:   000001bc72805758 0000000000000004
0x0000007d551fe3f0:   000001bc735081d0 00007fff55ec9008
0x0000007d551fe400:   0000000000000000 000001bc734dcc00
0x0000007d551fe410:   0000000000000000 000001bc00000000
0x0000007d551fe420:   0000007d00000003 0000000000000000
0x0000007d551fe430:   0000007d551fe401 000001bc731de600
0x0000007d551fe440:   0000000000000004 00007fff565f4907
0x0000007d551fe450:   000001bc734dcc00 000001bc735081d0 

Instructions: (pc=0x00007fff55d14068)
0x00007fff55d13f68:   48 8b 6c 24 58 48 8b 74 24 60 48 83 c4 40 5f c3
0x00007fff55d13f78:   cc cc cc cc cc cc cc cc 48 83 ec 28 4c 8b ca 4d
0x00007fff55d13f88:   85 c0 0f 84 b4 04 00 00 49 83 f8 04 77 42 49 83
0x00007fff55d13f98:   f8 01 75 0a 0f b6 02 88 01 48 83 c4 28 c3 49 83
0x00007fff55d13fa8:   f8 02 75 0b 0f b7 02 66 89 01 48 83 c4 28 c3 49
0x00007fff55d13fb8:   83 f8 03 75 12 0f b7 02 66 89 01 0f b6 42 02 88
0x00007fff55d13fc8:   41 02 48 83 c4 28 c3 8b 02 89 01 48 83 c4 28 c3
0x00007fff55d13fd8:   49 83 f8 08 76 30 f6 c1 03 74 2b f6 c1 01 74 0e
0x00007fff55d13fe8:   0f b6 02 49 ff c8 88 01 48 ff c1 49 ff c1 f6 c1
0x00007fff55d13ff8:   02 74 13 41 0f b7 01 49 83 e8 02 66 89 01 48 83
0x00007fff55d14008:   c1 02 49 83 c1 02 49 83 f8 40 0f 87 94 00 00 00
0x00007fff55d14018:   49 8b c0 48 83 e0 fc 48 03 c8 4c 03 c8 49 8b c0
0x00007fff55d14028:   48 c1 e8 02 48 ff c8 48 83 f8 0f 0f 87 e9 03 00
0x00007fff55d14038:   00 48 8d 15 c0 bf fe ff 8b 84 82 4c 44 01 00 48
0x00007fff55d14048:   03 c2 ff e0 41 8b 41 c0 89 41 c0 41 8b 41 c4 89
0x00007fff55d14058:   41 c4 41 8b 41 c8 89 41 c8 41 8b 41 cc 89 41 cc
0x00007fff55d14068:   41 8b 41 d0 89 41 d0 41 8b 41 d4 89 41 d4 41 8b
0x00007fff55d14078:   41 d8 89 41 d8 41 8b 41 dc 89 41 dc 41 8b 41 e0
0x00007fff55d14088:   89 41 e0 41 8b 41 e4 89 41 e4 41 8b 41 e8 89 41
0x00007fff55d14098:   e8 41 8b 41 ec 89 41 ec 41 8b 41 f0 89 41 f0 e9
0x00007fff55d140a8:   61 03 00 00 48 8b c1 83 e0 0f 74 3f ba 10 00 00
0x00007fff55d140b8:   00 48 2b d0 48 8b c2 48 03 ca 48 c1 e8 02 4c 03
0x00007fff55d140c8:   ca 48 83 e8 01 74 1a 48 83 e8 01 74 0d 48 83 f8
0x00007fff55d140d8:   01 75 15 41 8b 41 f4 89 41 f4 41 8b 41 f8 89 41
0x00007fff55d140e8:   f8 41 8b 41 fc 89 41 fc 4c 2b c2 0f 29 74 24 10
0x00007fff55d140f8:   0f 29 3c 24 49 81 f8 00 00 08 00 0f 86 01 01 00
0x00007fff55d14108:   00 4d 8b d0 49 c1 ea 07 49 6b c2 80 4c 03 c0 66
0x00007fff55d14118:   0f 1f 84 00 00 00 00 00 f3 41 0f 6f 79 10 49 8b
0x00007fff55d14128:   c1 49 83 e9 80 48 8b d1 48 83 e9 80 f3 0f 6f 00
0x00007fff55d14138:   f3 41 0f 6f 71 a0 f3 41 0f 6f 69 b0 f3 41 0f 6f
0x00007fff55d14148:   61 c0 f3 41 0f 6f 59 d0 f3 41 0f 6f 51 e0 f3 41
0x00007fff55d14158:   0f 6f 49 f0 66 0f e7 02 66 0f e7 79 90 66 0f e7 


Stack slot to memory mapping:
stack at sp + 0 slots: 0x0 is NULL
stack at sp + 1 slots: 0x0000000000000004 is an unknown value
stack at sp + 2 slots: 0x000001bc735081d0 points into unknown readable memory: a0 a5 e2 74 bc 01 00 00
stack at sp + 3 slots: 0x00007fff565c1dcc ig9icd64.dll
stack at sp + 4 slots: 0x000001bc735081f0 points into unknown readable memory: d8 54 6d 56 ff 7f 00 00
stack at sp + 5 slots: 0x00007fff55ec95d9 ig9icd64.dll
stack at sp + 6 slots: 0x0 is NULL
stack at sp + 7 slots: 0x000001bc734dcc00 points into unknown readable memory: 80 e0 47 73 bc 01 00 00


---------------  P R O C E S S  ---------------

Threads class SMR info:
_java_thread_list=0x000001bc7353a840, length=17, elements={
0x000001bc72091800, 0x000001bc72093000, 0x000001bc720a4800, 0x000001bc720a8800,
0x000001bc720aa000, 0x000001bc720af000, 0x000001bc720b3000, 0x000001bc720c7800,
0x000001bc729f4800, 0x000001bc72a02800, 0x000001bc72ba6800, 0x000001bc72f21000,
0x000001bc72f3b000, 0x000001bc73429800, 0x000001bc7342a000, 0x000001bc73561800,
0x000001bc53038000
}

Java Threads: ( => current thread )
  0x000001bc72091800 JavaThread "Reference Handler" daemon [_thread_blocked, id=12072, stack(0x0000007d54200000,0x0000007d54300000)]
  0x000001bc72093000 JavaThread "Finalizer" daemon [_thread_blocked, id=18324, stack(0x0000007d54300000,0x0000007d54400000)]
  0x000001bc720a4800 JavaThread "Signal Dispatcher" daemon [_thread_blocked, id=14136, stack(0x0000007d54400000,0x0000007d54500000)]
  0x000001bc720a8800 JavaThread "Attach Listener" daemon [_thread_blocked, id=13028, stack(0x0000007d54500000,0x0000007d54600000)]
  0x000001bc720aa000 JavaThread "Service Thread" daemon [_thread_blocked, id=8128, stack(0x0000007d54600000,0x0000007d54700000)]
  0x000001bc720af000 JavaThread "C2 CompilerThread0" daemon [_thread_blocked, id=20036, stack(0x0000007d54700000,0x0000007d54800000)]
  0x000001bc720b3000 JavaThread "C1 CompilerThread0" daemon [_thread_blocked, id=10384, stack(0x0000007d54800000,0x0000007d54900000)]
  0x000001bc720c7800 JavaThread "Sweeper thread" daemon [_thread_blocked, id=8776, stack(0x0000007d54900000,0x0000007d54a00000)]
  0x000001bc729f4800 JavaThread "Notification Thread" daemon [_thread_blocked, id=14652, stack(0x0000007d54a00000,0x0000007d54b00000)]
  0x000001bc72a02800 JavaThread "Common-Cleaner" daemon [_thread_blocked, id=10696, stack(0x0000007d54c00000,0x0000007d54d00000)]
  0x000001bc72ba6800 JavaThread "Monitor Ctrl-Break" daemon [_thread_in_native, id=11652, stack(0x0000007d54d00000,0x0000007d54e00000)]
  0x000001bc72f21000 JavaThread "Java2D Disposer" daemon [_thread_blocked, id=15212, stack(0x0000007d54e00000,0x0000007d54f00000)]
  0x000001bc72f3b000 JavaThread "AWT-Windows" daemon [_thread_in_native, id=21408, stack(0x0000007d55000000,0x0000007d55100000)]
  0x000001bc73429800 JavaThread "AWT-Shutdown" [_thread_blocked, id=10316, stack(0x0000007d54f00000,0x0000007d55000000)]
=>0x000001bc7342a000 JavaThread "AWT-EventQueue-0" [_thread_in_native, id=14756, stack(0x0000007d55100000,0x0000007d55200000)]
  0x000001bc73561800 JavaThread "main-SharedResourceRunner" daemon [_thread_blocked, id=15988, stack(0x0000007d55200000,0x0000007d55300000)]
  0x000001bc53038000 JavaThread "DestroyJavaVM" [_thread_blocked, id=18840, stack(0x0000007d53b00000,0x0000007d53c00000)]

Other Threads:
  0x000001bc7208e800 VMThread "VM Thread" [stack: 0x0000007d54100000,0x0000007d54200000] [id=18220]
  0x000001bc729f8800 WatcherThread [stack: 0x0000007d54b00000,0x0000007d54c00000] [id=4936]
  0x000001bc5307a000 GCTaskThread "GC Thread#0" [stack: 0x0000007d53c00000,0x0000007d53d00000] [id=16724]
  0x000001bc73539000 GCTaskThread "GC Thread#1" [stack: 0x0000007d55700000,0x0000007d55800000] [id=20648]
  0x000001bc7353b800 GCTaskThread "GC Thread#2" [stack: 0x0000007d55800000,0x0000007d55900000] [id=7072]
  0x000001bc74e70000 GCTaskThread "GC Thread#3" [stack: 0x0000007d55900000,0x0000007d55a00000] [id=7000]
  0x000001bc74e71000 GCTaskThread "GC Thread#4" [stack: 0x0000007d55a00000,0x0000007d55b00000] [id=10460]
  0x000001bc74e71800 GCTaskThread "GC Thread#5" [stack: 0x0000007d55b00000,0x0000007d55c00000] [id=12664]
  0x000001bc5308b000 ConcurrentGCThread "G1 Main Marker" [stack: 0x0000007d53d00000,0x0000007d53e00000] [id=18052]
  0x000001bc5308f000 ConcurrentGCThread "G1 Conc#0" [stack: 0x0000007d53e00000,0x0000007d53f00000] [id=14252]
  0x000001bc71f00800 ConcurrentGCThread "G1 Refine#0" [stack: 0x0000007d53f00000,0x0000007d54000000] [id=3764]
  0x000001bc71f01800 ConcurrentGCThread "G1 Young RemSet Sampling" [stack: 0x0000007d54000000,0x0000007d54100000] [id=4904]

Threads with active compile tasks:

VM state:not at safepoint (normal execution)

VM Mutex/Monitor currently owned by a thread: None

Heap address: 0x0000000081800000, size: 2024 MB, Compressed Oops mode: 32-bit
Narrow klass base: 0x0000000800000000, Narrow klass shift: 3
Compressed class space size: 1073741824 Address: 0x0000000800b30000

Heap:
 garbage-first heap   total 131072K, used 12456K [0x0000000081800000, 0x0000000100000000)
  region size 1024K, 11 young (11264K), 3 survivors (3072K)
 Metaspace       used 13478K, capacity 13784K, committed 13952K, reserved 1062912K
  class space    used 1263K, capacity 1398K, committed 1408K, reserved 1048576K
Heap Regions: E=young(eden), S=young(survivor), O=old, HS=humongous(starts), HC=humongous(continues), CS=collection set, F=free, OA=open archive, CA=closed archive, TAMS=top-at-mark-start (previous, next)
|   0|0x0000000081800000, 0x0000000081900000, 0x0000000081900000|100%|HS|  |TAMS 0x0000000081800000, 0x0000000081800000| Complete 
|   1|0x0000000081900000, 0x0000000081a00000, 0x0000000081a00000|100%| O|  |TAMS 0x0000000081900000, 0x0000000081900000| Untracked 
|   2|0x0000000081a00000, 0x0000000081a2a000, 0x0000000081b00000| 16%| O|  |TAMS 0x0000000081a00000, 0x0000000081a00000| Untracked 
|   3|0x0000000081b00000, 0x0000000081b00000, 0x0000000081c00000|  0%| F|  |TAMS 0x0000000081b00000, 0x0000000081b00000| Untracked 
|   4|0x0000000081c00000, 0x0000000081c00000, 0x0000000081d00000|  0%| F|  |TAMS 0x0000000081c00000, 0x0000000081c00000| Untracked 
|   5|0x0000000081d00000, 0x0000000081d00000, 0x0000000081e00000|  0%| F|  |TAMS 0x0000000081d00000, 0x0000000081d00000| Untracked 
|   6|0x0000000081e00000, 0x0000000081e00000, 0x0000000081f00000|  0%| F|  |TAMS 0x0000000081e00000, 0x0000000081e00000| Untracked 
|   7|0x0000000081f00000, 0x0000000081f00000, 0x0000000082000000|  0%| F|  |TAMS 0x0000000081f00000, 0x0000000081f00000| Untracked 
|   8|0x0000000082000000, 0x0000000082000000, 0x0000000082100000|  0%| F|  |TAMS 0x0000000082000000, 0x0000000082000000| Untracked 
|   9|0x0000000082100000, 0x0000000082100000, 0x0000000082200000|  0%| F|  |TAMS 0x0000000082100000, 0x0000000082100000| Untracked 
|  10|0x0000000082200000, 0x0000000082200000, 0x0000000082300000|  0%| F|  |TAMS 0x0000000082200000, 0x0000000082200000| Untracked 
|  11|0x0000000082300000, 0x0000000082300000, 0x0000000082400000|  0%| F|  |TAMS 0x0000000082300000, 0x0000000082300000| Untracked 
|  12|0x0000000082400000, 0x0000000082400000, 0x0000000082500000|  0%| F|  |TAMS 0x0000000082400000, 0x0000000082400000| Untracked 
|  13|0x0000000082500000, 0x0000000082500000, 0x0000000082600000|  0%| F|  |TAMS 0x0000000082500000, 0x0000000082500000| Untracked 
|  14|0x0000000082600000, 0x0000000082600000, 0x0000000082700000|  0%| F|  |TAMS 0x0000000082600000, 0x0000000082600000| Untracked 
|  15|0x0000000082700000, 0x0000000082700000, 0x0000000082800000|  0%| F|  |TAMS 0x0000000082700000, 0x0000000082700000| Untracked 
|  16|0x0000000082800000, 0x0000000082800000, 0x0000000082900000|  0%| F|  |TAMS 0x0000000082800000, 0x0000000082800000| Untracked 
|  17|0x0000000082900000, 0x0000000082900000, 0x0000000082a00000|  0%| F|  |TAMS 0x0000000082900000, 0x0000000082900000| Untracked 
|  18|0x0000000082a00000, 0x0000000082a00000, 0x0000000082b00000|  0%| F|  |TAMS 0x0000000082a00000, 0x0000000082a00000| Untracked 
|  19|0x0000000082b00000, 0x0000000082b00000, 0x0000000082c00000|  0%| F|  |TAMS 0x0000000082b00000, 0x0000000082b00000| Untracked 
|  20|0x0000000082c00000, 0x0000000082c00000, 0x0000000082d00000|  0%| F|  |TAMS 0x0000000082c00000, 0x0000000082c00000| Untracked 
|  21|0x0000000082d00000, 0x0000000082d00000, 0x0000000082e00000|  0%| F|  |TAMS 0x0000000082d00000, 0x0000000082d00000| Untracked 
|  22|0x0000000082e00000, 0x0000000082e00000, 0x0000000082f00000|  0%| F|  |TAMS 0x0000000082e00000, 0x0000000082e00000| Untracked 
|  23|0x0000000082f00000, 0x0000000082f00000, 0x0000000083000000|  0%| F|  |TAMS 0x0000000082f00000, 0x0000000082f00000| Untracked 
|  24|0x0000000083000000, 0x0000000083000000, 0x0000000083100000|  0%| F|  |TAMS 0x0000000083000000, 0x0000000083000000| Untracked 
|  25|0x0000000083100000, 0x0000000083100000, 0x0000000083200000|  0%| F|  |TAMS 0x0000000083100000, 0x0000000083100000| Untracked 
|  26|0x0000000083200000, 0x0000000083200000, 0x0000000083300000|  0%| F|  |TAMS 0x0000000083200000, 0x0000000083200000| Untracked 
|  27|0x0000000083300000, 0x0000000083300000, 0x0000000083400000|  0%| F|  |TAMS 0x0000000083300000, 0x0000000083300000| Untracked 
|  28|0x0000000083400000, 0x0000000083400000, 0x0000000083500000|  0%| F|  |TAMS 0x0000000083400000, 0x0000000083400000| Untracked 
|  29|0x0000000083500000, 0x0000000083500000, 0x0000000083600000|  0%| F|  |TAMS 0x0000000083500000, 0x0000000083500000| Untracked 
|  30|0x0000000083600000, 0x0000000083600000, 0x0000000083700000|  0%| F|  |TAMS 0x0000000083600000, 0x0000000083600000| Untracked 
|  31|0x0000000083700000, 0x0000000083700000, 0x0000000083800000|  0%| F|  |TAMS 0x0000000083700000, 0x0000000083700000| Untracked 
|  32|0x0000000083800000, 0x0000000083800000, 0x0000000083900000|  0%| F|  |TAMS 0x0000000083800000, 0x0000000083800000| Untracked 
|  33|0x0000000083900000, 0x0000000083900000, 0x0000000083a00000|  0%| F|  |TAMS 0x0000000083900000, 0x0000000083900000| Untracked 
|  34|0x0000000083a00000, 0x0000000083a00000, 0x0000000083b00000|  0%| F|  |TAMS 0x0000000083a00000, 0x0000000083a00000| Untracked 
|  35|0x0000000083b00000, 0x0000000083b00000, 0x0000000083c00000|  0%| F|  |TAMS 0x0000000083b00000, 0x0000000083b00000| Untracked 
|  36|0x0000000083c00000, 0x0000000083c00000, 0x0000000083d00000|  0%| F|  |TAMS 0x0000000083c00000, 0x0000000083c00000| Untracked 
|  37|0x0000000083d00000, 0x0000000083d00000, 0x0000000083e00000|  0%| F|  |TAMS 0x0000000083d00000, 0x0000000083d00000| Untracked 
|  38|0x0000000083e00000, 0x0000000083e00000, 0x0000000083f00000|  0%| F|  |TAMS 0x0000000083e00000, 0x0000000083e00000| Untracked 
|  39|0x0000000083f00000, 0x0000000083f00000, 0x0000000084000000|  0%| F|  |TAMS 0x0000000083f00000, 0x0000000083f00000| Untracked 
|  40|0x0000000084000000, 0x0000000084000000, 0x0000000084100000|  0%| F|  |TAMS 0x0000000084000000, 0x0000000084000000| Untracked 
|  41|0x0000000084100000, 0x0000000084100000, 0x0000000084200000|  0%| F|  |TAMS 0x0000000084100000, 0x0000000084100000| Untracked 
|  42|0x0000000084200000, 0x0000000084200000, 0x0000000084300000|  0%| F|  |TAMS 0x0000000084200000, 0x0000000084200000| Untracked 
|  43|0x0000000084300000, 0x0000000084300000, 0x0000000084400000|  0%| F|  |TAMS 0x0000000084300000, 0x0000000084300000| Untracked 
|  44|0x0000000084400000, 0x0000000084400000, 0x0000000084500000|  0%| F|  |TAMS 0x0000000084400000, 0x0000000084400000| Untracked 
|  45|0x0000000084500000, 0x0000000084500000, 0x0000000084600000|  0%| F|  |TAMS 0x0000000084500000, 0x0000000084500000| Untracked 
|  46|0x0000000084600000, 0x0000000084600000, 0x0000000084700000|  0%| F|  |TAMS 0x0000000084600000, 0x0000000084600000| Untracked 
|  47|0x0000000084700000, 0x0000000084700000, 0x0000000084800000|  0%| F|  |TAMS 0x0000000084700000, 0x0000000084700000| Untracked 
|  48|0x0000000084800000, 0x0000000084800000, 0x0000000084900000|  0%| F|  |TAMS 0x0000000084800000, 0x0000000084800000| Untracked 
|  49|0x0000000084900000, 0x0000000084900000, 0x0000000084a00000|  0%| F|  |TAMS 0x0000000084900000, 0x0000000084900000| Untracked 
|  50|0x0000000084a00000, 0x0000000084a00000, 0x0000000084b00000|  0%| F|  |TAMS 0x0000000084a00000, 0x0000000084a00000| Untracked 
|  51|0x0000000084b00000, 0x0000000084b00000, 0x0000000084c00000|  0%| F|  |TAMS 0x0000000084b00000, 0x0000000084b00000| Untracked 
|  52|0x0000000084c00000, 0x0000000084c00000, 0x0000000084d00000|  0%| F|  |TAMS 0x0000000084c00000, 0x0000000084c00000| Untracked 
|  53|0x0000000084d00000, 0x0000000084d00000, 0x0000000084e00000|  0%| F|  |TAMS 0x0000000084d00000, 0x0000000084d00000| Untracked 
|  54|0x0000000084e00000, 0x0000000084e00000, 0x0000000084f00000|  0%| F|  |TAMS 0x0000000084e00000, 0x0000000084e00000| Untracked 
|  55|0x0000000084f00000, 0x0000000084f00000, 0x0000000085000000|  0%| F|  |TAMS 0x0000000084f00000, 0x0000000084f00000| Untracked 
|  56|0x0000000085000000, 0x0000000085000000, 0x0000000085100000|  0%| F|  |TAMS 0x0000000085000000, 0x0000000085000000| Untracked 
|  57|0x0000000085100000, 0x0000000085100000, 0x0000000085200000|  0%| F|  |TAMS 0x0000000085100000, 0x0000000085100000| Untracked 
|  58|0x0000000085200000, 0x0000000085200000, 0x0000000085300000|  0%| F|  |TAMS 0x0000000085200000, 0x0000000085200000| Untracked 
|  59|0x0000000085300000, 0x0000000085300000, 0x0000000085400000|  0%| F|  |TAMS 0x0000000085300000, 0x0000000085300000| Untracked 
|  60|0x0000000085400000, 0x0000000085400000, 0x0000000085500000|  0%| F|  |TAMS 0x0000000085400000, 0x0000000085400000| Untracked 
|  61|0x0000000085500000, 0x0000000085500000, 0x0000000085600000|  0%| F|  |TAMS 0x0000000085500000, 0x0000000085500000| Untracked 
|  62|0x0000000085600000, 0x0000000085600000, 0x0000000085700000|  0%| F|  |TAMS 0x0000000085600000, 0x0000000085600000| Untracked 
|  63|0x0000000085700000, 0x0000000085700000, 0x0000000085800000|  0%| F|  |TAMS 0x0000000085700000, 0x0000000085700000| Untracked 
|  64|0x0000000085800000, 0x0000000085800000, 0x0000000085900000|  0%| F|  |TAMS 0x0000000085800000, 0x0000000085800000| Untracked 
|  65|0x0000000085900000, 0x0000000085900000, 0x0000000085a00000|  0%| F|  |TAMS 0x0000000085900000, 0x0000000085900000| Untracked 
|  66|0x0000000085a00000, 0x0000000085a00000, 0x0000000085b00000|  0%| F|  |TAMS 0x0000000085a00000, 0x0000000085a00000| Untracked 
|  67|0x0000000085b00000, 0x0000000085b00000, 0x0000000085c00000|  0%| F|  |TAMS 0x0000000085b00000, 0x0000000085b00000| Untracked 
|  68|0x0000000085c00000, 0x0000000085c00000, 0x0000000085d00000|  0%| F|  |TAMS 0x0000000085c00000, 0x0000000085c00000| Untracked 
|  69|0x0000000085d00000, 0x0000000085d00000, 0x0000000085e00000|  0%| F|  |TAMS 0x0000000085d00000, 0x0000000085d00000| Untracked 
|  70|0x0000000085e00000, 0x0000000085e00000, 0x0000000085f00000|  0%| F|  |TAMS 0x0000000085e00000, 0x0000000085e00000| Untracked 
|  71|0x0000000085f00000, 0x0000000085f00000, 0x0000000086000000|  0%| F|  |TAMS 0x0000000085f00000, 0x0000000085f00000| Untracked 
|  72|0x0000000086000000, 0x0000000086000000, 0x0000000086100000|  0%| F|  |TAMS 0x0000000086000000, 0x0000000086000000| Untracked 
|  73|0x0000000086100000, 0x0000000086100000, 0x0000000086200000|  0%| F|  |TAMS 0x0000000086100000, 0x0000000086100000| Untracked 
|  74|0x0000000086200000, 0x0000000086200000, 0x0000000086300000|  0%| F|  |TAMS 0x0000000086200000, 0x0000000086200000| Untracked 
|  75|0x0000000086300000, 0x0000000086300000, 0x0000000086400000|  0%| F|  |TAMS 0x0000000086300000, 0x0000000086300000| Untracked 
|  76|0x0000000086400000, 0x0000000086400000, 0x0000000086500000|  0%| F|  |TAMS 0x0000000086400000, 0x0000000086400000| Untracked 
|  77|0x0000000086500000, 0x0000000086500000, 0x0000000086600000|  0%| F|  |TAMS 0x0000000086500000, 0x0000000086500000| Untracked 
|  78|0x0000000086600000, 0x0000000086600000, 0x0000000086700000|  0%| F|  |TAMS 0x0000000086600000, 0x0000000086600000| Untracked 
|  79|0x0000000086700000, 0x0000000086700000, 0x0000000086800000|  0%| F|  |TAMS 0x0000000086700000, 0x0000000086700000| Untracked 
|  80|0x0000000086800000, 0x0000000086800000, 0x0000000086900000|  0%| F|  |TAMS 0x0000000086800000, 0x0000000086800000| Untracked 
|  81|0x0000000086900000, 0x0000000086900000, 0x0000000086a00000|  0%| F|  |TAMS 0x0000000086900000, 0x0000000086900000| Untracked 
|  82|0x0000000086a00000, 0x0000000086a00000, 0x0000000086b00000|  0%| F|  |TAMS 0x0000000086a00000, 0x0000000086a00000| Untracked 
|  83|0x0000000086b00000, 0x0000000086b00000, 0x0000000086c00000|  0%| F|  |TAMS 0x0000000086b00000, 0x0000000086b00000| Untracked 
|  84|0x0000000086c00000, 0x0000000086c00000, 0x0000000086d00000|  0%| F|  |TAMS 0x0000000086c00000, 0x0000000086c00000| Untracked 
|  85|0x0000000086d00000, 0x0000000086d00000, 0x0000000086e00000|  0%| F|  |TAMS 0x0000000086d00000, 0x0000000086d00000| Untracked 
|  86|0x0000000086e00000, 0x0000000086e00000, 0x0000000086f00000|  0%| F|  |TAMS 0x0000000086e00000, 0x0000000086e00000| Untracked 
|  87|0x0000000086f00000, 0x0000000086f00000, 0x0000000087000000|  0%| F|  |TAMS 0x0000000086f00000, 0x0000000086f00000| Untracked 
|  88|0x0000000087000000, 0x0000000087000000, 0x0000000087100000|  0%| F|  |TAMS 0x0000000087000000, 0x0000000087000000| Untracked 
|  89|0x0000000087100000, 0x0000000087100000, 0x0000000087200000|  0%| F|  |TAMS 0x0000000087100000, 0x0000000087100000| Untracked 
|  90|0x0000000087200000, 0x0000000087200000, 0x0000000087300000|  0%| F|  |TAMS 0x0000000087200000, 0x0000000087200000| Untracked 
|  91|0x0000000087300000, 0x0000000087300000, 0x0000000087400000|  0%| F|  |TAMS 0x0000000087300000, 0x0000000087300000| Untracked 
|  92|0x0000000087400000, 0x0000000087400000, 0x0000000087500000|  0%| F|  |TAMS 0x0000000087400000, 0x0000000087400000| Untracked 
|  93|0x0000000087500000, 0x0000000087500000, 0x0000000087600000|  0%| F|  |TAMS 0x0000000087500000, 0x0000000087500000| Untracked 
|  94|0x0000000087600000, 0x0000000087600000, 0x0000000087700000|  0%| F|  |TAMS 0x0000000087600000, 0x0000000087600000| Untracked 
|  95|0x0000000087700000, 0x0000000087700000, 0x0000000087800000|  0%| F|  |TAMS 0x0000000087700000, 0x0000000087700000| Untracked 
|  96|0x0000000087800000, 0x0000000087800000, 0x0000000087900000|  0%| F|  |TAMS 0x0000000087800000, 0x0000000087800000| Untracked 
|  97|0x0000000087900000, 0x0000000087900000, 0x0000000087a00000|  0%| F|  |TAMS 0x0000000087900000, 0x0000000087900000| Untracked 
|  98|0x0000000087a00000, 0x0000000087a00000, 0x0000000087b00000|  0%| F|  |TAMS 0x0000000087a00000, 0x0000000087a00000| Untracked 
|  99|0x0000000087b00000, 0x0000000087b00000, 0x0000000087c00000|  0%| F|  |TAMS 0x0000000087b00000, 0x0000000087b00000| Untracked 
| 100|0x0000000087c00000, 0x0000000087c00000, 0x0000000087d00000|  0%| F|  |TAMS 0x0000000087c00000, 0x0000000087c00000| Untracked 
| 101|0x0000000087d00000, 0x0000000087d00000, 0x0000000087e00000|  0%| F|  |TAMS 0x0000000087d00000, 0x0000000087d00000| Untracked 
| 102|0x0000000087e00000, 0x0000000087f00000, 0x0000000087f00000|100%| S|CS|TAMS 0x0000000087e00000, 0x0000000087e00000| Complete 
| 103|0x0000000087f00000, 0x0000000088000000, 0x0000000088000000|100%| S|CS|TAMS 0x0000000087f00000, 0x0000000087f00000| Complete 
| 104|0x0000000088000000, 0x0000000088100000, 0x0000000088100000|100%| S|CS|TAMS 0x0000000088000000, 0x0000000088000000| Complete 
| 105|0x0000000088100000, 0x0000000088100000, 0x0000000088200000|  0%| F|  |TAMS 0x0000000088100000, 0x0000000088100000| Untracked 
| 106|0x0000000088200000, 0x0000000088200000, 0x0000000088300000|  0%| F|  |TAMS 0x0000000088200000, 0x0000000088200000| Untracked 
| 107|0x0000000088300000, 0x0000000088300000, 0x0000000088400000|  0%| F|  |TAMS 0x0000000088300000, 0x0000000088300000| Untracked 
| 108|0x0000000088400000, 0x0000000088400000, 0x0000000088500000|  0%| F|  |TAMS 0x0000000088400000, 0x0000000088400000| Untracked 
| 109|0x0000000088500000, 0x0000000088500000, 0x0000000088600000|  0%| F|  |TAMS 0x0000000088500000, 0x0000000088500000| Untracked 
| 110|0x0000000088600000, 0x0000000088600000, 0x0000000088700000|  0%| F|  |TAMS 0x0000000088600000, 0x0000000088600000| Untracked 
| 111|0x0000000088700000, 0x0000000088700000, 0x0000000088800000|  0%| F|  |TAMS 0x0000000088700000, 0x0000000088700000| Untracked 
| 112|0x0000000088800000, 0x0000000088800000, 0x0000000088900000|  0%| F|  |TAMS 0x0000000088800000, 0x0000000088800000| Untracked 
| 113|0x0000000088900000, 0x0000000088900000, 0x0000000088a00000|  0%| F|  |TAMS 0x0000000088900000, 0x0000000088900000| Untracked 
| 114|0x0000000088a00000, 0x0000000088a00000, 0x0000000088b00000|  0%| F|  |TAMS 0x0000000088a00000, 0x0000000088a00000| Untracked 
| 115|0x0000000088b00000, 0x0000000088b00000, 0x0000000088c00000|  0%| F|  |TAMS 0x0000000088b00000, 0x0000000088b00000| Untracked 
| 116|0x0000000088c00000, 0x0000000088c00000, 0x0000000088d00000|  0%| F|  |TAMS 0x0000000088c00000, 0x0000000088c00000| Untracked 
| 117|0x0000000088d00000, 0x0000000088d00000, 0x0000000088e00000|  0%| F|  |TAMS 0x0000000088d00000, 0x0000000088d00000| Untracked 
| 118|0x0000000088e00000, 0x0000000088e00000, 0x0000000088f00000|  0%| F|  |TAMS 0x0000000088e00000, 0x0000000088e00000| Untracked 
| 119|0x0000000088f00000, 0x0000000088f00000, 0x0000000089000000|  0%| F|  |TAMS 0x0000000088f00000, 0x0000000088f00000| Untracked 
| 120|0x0000000089000000, 0x000000008904fdd8, 0x0000000089100000| 31%| E|  |TAMS 0x0000000089000000, 0x0000000089000000| Complete 
| 121|0x0000000089100000, 0x0000000089200000, 0x0000000089200000|100%| E|CS|TAMS 0x0000000089100000, 0x0000000089100000| Complete 
| 122|0x0000000089200000, 0x0000000089300000, 0x0000000089300000|100%| E|CS|TAMS 0x0000000089200000, 0x0000000089200000| Complete 
| 123|0x0000000089300000, 0x0000000089400000, 0x0000000089400000|100%| E|CS|TAMS 0x0000000089300000, 0x0000000089300000| Complete 
| 124|0x0000000089400000, 0x0000000089500000, 0x0000000089500000|100%| E|CS|TAMS 0x0000000089400000, 0x0000000089400000| Complete 
| 125|0x0000000089500000, 0x0000000089600000, 0x0000000089600000|100%| E|CS|TAMS 0x0000000089500000, 0x0000000089500000| Complete 
| 126|0x0000000089600000, 0x0000000089700000, 0x0000000089700000|100%| E|CS|TAMS 0x0000000089600000, 0x0000000089600000| Complete 
| 127|0x0000000089700000, 0x0000000089800000, 0x0000000089800000|100%| E|CS|TAMS 0x0000000089700000, 0x0000000089700000| Complete 

Card table byte_map: [0x000001bc6af00000,0x000001bc6b300000] _byte_map_base: 0x000001bc6aaf4000

Marking Bits (Prev, Next): (CMBitMap*) 0x000001bc5307a918, (CMBitMap*) 0x000001bc5307a958
 Prev Bits: [0x000001bc6b700000, 0x000001bc6d6a0000)
 Next Bits: [0x000001bc6d6a0000, 0x000001bc6f640000)

Polling page: 0x000001bc50b80000

Metaspace:

Usage:
  Non-class:     12.10 MB capacity,    11.93 MB ( 99%) used,   143.49 KB (  1%) free+waste,    27.94 KB ( <1%) overhead. 
      Class:      1.37 MB capacity,     1.23 MB ( 90%) used,   118.80 KB (  8%) free+waste,    15.75 KB (  1%) overhead. 
       Both:     13.46 MB capacity,    13.16 MB ( 98%) used,   262.29 KB (  2%) free+waste,    43.69 KB ( <1%) overhead. 

Virtual space:
  Non-class space:       14.00 MB reserved,      12.25 MB ( 88%) committed 
      Class space:        1.00 GB reserved,       1.38 MB ( <1%) committed 
             Both:        1.01 GB reserved,      13.63 MB (  1%) committed 

Chunk freelists:
   Non-Class:  30.00 KB
       Class:  10.00 KB
        Both:  40.00 KB

MaxMetaspaceSize: 17179869184.00 GB
CompressedClassSpaceSize: 1.00 GB

CodeHeap 'non-profiled nmethods': size=120000Kb used=370Kb max_used=370Kb free=119629Kb
 bounds [0x000001bc632a0000, 0x000001bc63510000, 0x000001bc6a7d0000]
CodeHeap 'profiled nmethods': size=120000Kb used=2081Kb max_used=2081Kb free=117918Kb
 bounds [0x000001bc5bd70000, 0x000001bc5bfe0000, 0x000001bc632a0000]
CodeHeap 'non-nmethods': size=5760Kb used=1518Kb max_used=1528Kb free=4241Kb
 bounds [0x000001bc5b7d0000, 0x000001bc5ba40000, 0x000001bc5bd70000]
 total_blobs=2516 nmethods=1129 adapters=790
 compilation: enabled
              stopped_count=0, restarted_count=0
 full_count=0

Compilation events (20 events):
Event: 2.327 Thread 0x000001bc720b3000 1121       3       java.util.regex.Matcher::getTextLength (10 bytes)
Event: 2.327 Thread 0x000001bc720b3000 nmethod 1121 0x000001bc5bf75790 code [0x000001bc5bf75940, 0x000001bc5bf75b28]
Event: 2.327 Thread 0x000001bc720b3000 1122       1       java.lang.AbstractStringBuilder::length (5 bytes)
Event: 2.327 Thread 0x000001bc720b3000 nmethod 1122 0x000001bc632fc890 code [0x000001bc632fca20, 0x000001bc632fcaf8]
Event: 2.328 Thread 0x000001bc720b3000 1123       3       java.lang.Integer::numberOfLeadingZeros (79 bytes)
Event: 2.328 Thread 0x000001bc720b3000 nmethod 1123 0x000001bc5bf75c10 code [0x000001bc5bf75dc0, 0x000001bc5bf76058]
Event: 2.328 Thread 0x000001bc720b3000 1124       3       java.nio.Buffer::checkIndex (24 bytes)
Event: 2.328 Thread 0x000001bc720b3000 nmethod 1124 0x000001bc5bf76110 code [0x000001bc5bf762c0, 0x000001bc5bf76528]
Event: 2.328 Thread 0x000001bc720b3000 1127       3       java.nio.MappedByteBuffer::rewind (5 bytes)
Event: 2.328 Thread 0x000001bc720b3000 nmethod 1127 0x000001bc5bf76610 code [0x000001bc5bf767c0, 0x000001bc5bf76a18]
Event: 2.328 Thread 0x000001bc720b3000 1130       3       java.nio.HeapCharBuffer::get (19 bytes)
Event: 2.329 Thread 0x000001bc720b3000 nmethod 1130 0x000001bc5bf76b10 code [0x000001bc5bf76ce0, 0x000001bc5bf76fa8]
Event: 2.329 Thread 0x000001bc720b3000 1125       3       java.nio.HeapCharBuffer::ix (7 bytes)
Event: 2.329 Thread 0x000001bc720b3000 nmethod 1125 0x000001bc5bf77190 code [0x000001bc5bf77320, 0x000001bc5bf77438]
Event: 2.329 Thread 0x000001bc720b3000 1126       3       java.nio.CharBuffer::charAt (16 bytes)
Event: 2.329 Thread 0x000001bc720b3000 nmethod 1126 0x000001bc5bf77510 code [0x000001bc5bf776e0, 0x000001bc5bf77a98]
Event: 2.329 Thread 0x000001bc720b3000 1128       3       java.nio.MappedByteBuffer::rewind (7 bytes)
Event: 2.329 Thread 0x000001bc720b3000 nmethod 1128 0x000001bc5bf77c10 code [0x000001bc5bf77dc0, 0x000001bc5bf77fb8]
Event: 2.329 Thread 0x000001bc720b3000 1129       3       java.nio.ByteBuffer::rewind (7 bytes)
Event: 2.329 Thread 0x000001bc720b3000 nmethod 1129 0x000001bc5bf78090 code [0x000001bc5bf78220, 0x000001bc5bf783b8]

GC Heap History (2 events):
Event: 1.951 GC heap before
{Heap before GC invocations=0 (full 0):
 garbage-first heap   total 131072K, used 23552K [0x0000000081800000, 0x0000000100000000)
  region size 1024K, 23 young (23552K), 0 survivors (0K)
 Metaspace       used 10825K, capacity 11083K, committed 11392K, reserved 1058816K
  class space    used 933K, capacity 1048K, committed 1152K, reserved 1048576K
}
Event: 1.965 GC heap after
{Heap after GC invocations=1 (full 0):
 garbage-first heap   total 131072K, used 4264K [0x0000000081800000, 0x0000000100000000)
  region size 1024K, 3 young (3072K), 3 survivors (3072K)
 Metaspace       used 10825K, capacity 11083K, committed 11392K, reserved 1058816K
  class space    used 933K, capacity 1048K, committed 1152K, reserved 1048576K
}

Deoptimization events (20 events):
Event: 2.155 Thread 0x000001bc53038000 Uncommon trap: trap_request=0xffffff45 fr.pc=0x000001bc632ee254 relative=0x0000000000000094
Event: 2.155 Thread 0x000001bc53038000 Uncommon trap: reason=unstable_if action=reinterpret pc=0x000001bc632ee254 method=java.lang.reflect.AccessibleObject.checkCanSetAccessible(Ljava/lang/Class;Ljava/lang/Class;Z)Z @ 30 c2
Event: 2.155 Thread 0x000001bc53038000 DEOPT PACKING pc=0x000001bc632ee254 sp=0x0000007d53bfd100
Event: 2.155 Thread 0x000001bc53038000 DEOPT UNPACKING pc=0x000001bc5b81912f sp=0x0000007d53bfd060 mode 2
Event: 2.326 Thread 0x000001bc7342a000 Uncommon trap: trap_request=0xffffff45 fr.pc=0x000001bc632d4c28 relative=0x0000000000000488
Event: 2.326 Thread 0x000001bc7342a000 Uncommon trap: reason=unstable_if action=reinterpret pc=0x000001bc632d4c28 method=java.lang.AbstractStringBuilder.putStringAt(ILjava/lang/String;)V @ 8 c2
Event: 2.326 Thread 0x000001bc7342a000 DEOPT PACKING pc=0x000001bc632d4c28 sp=0x0000007d551fe1c0
Event: 2.326 Thread 0x000001bc7342a000 DEOPT UNPACKING pc=0x000001bc5b81912f sp=0x0000007d551fe0d8 mode 2
Event: 2.326 Thread 0x000001bc7342a000 Uncommon trap: trap_request=0xffffff45 fr.pc=0x000001bc632d3fc4 relative=0x00000000000004a4
Event: 2.326 Thread 0x000001bc7342a000 Uncommon trap: reason=unstable_if action=reinterpret pc=0x000001bc632d3fc4 method=java.lang.AbstractStringBuilder.putStringAt(ILjava/lang/String;)V @ 8 c2
Event: 2.326 Thread 0x000001bc7342a000 DEOPT PACKING pc=0x000001bc632d3fc4 sp=0x0000007d551fe160
Event: 2.326 Thread 0x000001bc7342a000 DEOPT UNPACKING pc=0x000001bc5b81912f sp=0x0000007d551fe0d0 mode 2
Event: 2.326 Thread 0x000001bc7342a000 Uncommon trap: trap_request=0xffffff45 fr.pc=0x000001bc632d0abc relative=0x00000000000000fc
Event: 2.326 Thread 0x000001bc7342a000 Uncommon trap: reason=unstable_if action=reinterpret pc=0x000001bc632d0abc method=java.lang.String.getBytes([BIB)V @ 5 c2
Event: 2.326 Thread 0x000001bc7342a000 DEOPT PACKING pc=0x000001bc632d0abc sp=0x0000007d551fe080
Event: 2.326 Thread 0x000001bc7342a000 DEOPT UNPACKING pc=0x000001bc5b81912f sp=0x0000007d551fe048 mode 2
Event: 2.326 Thread 0x000001bc7342a000 Uncommon trap: trap_request=0xffffff45 fr.pc=0x000001bc632e1b68 relative=0x0000000000000388
Event: 2.326 Thread 0x000001bc7342a000 Uncommon trap: reason=unstable_if action=reinterpret pc=0x000001bc632e1b68 method=java.lang.AbstractStringBuilder.isLatin1()Z @ 10 c2
Event: 2.326 Thread 0x000001bc7342a000 DEOPT PACKING pc=0x000001bc632e1b68 sp=0x0000007d551fe1e0
Event: 2.326 Thread 0x000001bc7342a000 DEOPT UNPACKING pc=0x000001bc5b81912f sp=0x0000007d551fe160 mode 2

Classes unloaded (0 events):
No events

Classes redefined (0 events):
No events

Internal exceptions (20 events):
Event: 0.142 Thread 0x000001bc53038000 Exception <a 'java/lang/ClassNotFoundException'{0x000000008953b110}: sun/awt/resources/spi/awtProvider> (0x000000008953b110) 
thrown [./open/src/hotspot/share/classfile/systemDictionary.cpp, line 226]
Event: 0.173 Thread 0x000001bc53038000 Exception <a 'java/io/FileNotFoundException'{0x0000000089400d08}> (0x0000000089400d08) 
thrown [./open/src/hotspot/share/prims/jni.cpp, line 599]
Event: 0.182 Thread 0x000001bc53038000 Exception <a 'java/io/FileNotFoundException'{0x0000000089426ff8}> (0x0000000089426ff8) 
thrown [./open/src/hotspot/share/prims/jni.cpp, line 599]
Event: 0.226 Thread 0x000001bc72f3b000 Exception <a 'java/lang/NoSuchMethodError'{0x00000000894f1148}: 'void java.lang.invoke.DirectMethodHandle$Holder.invokeSpecial(java.lang.Object, java.lang.Object)'> (0x00000000894f1148) 
thrown [./open/src/hotspot/share/interpreter/linkResolver.cpp, line 766]
Event: 0.254 Thread 0x000001bc53038000 Exception <a 'java/lang/NoSuchMethodError'{0x00000000894df390}: 'java.lang.Object java.lang.invoke.DirectMethodHandle$Holder.invokeStatic(java.lang.Object, int, java.lang.Object, java.lang.Object, java.lang.Object, java.lang.Object)'> (0x00000000894df390) 
thrown [./open/src/hotspot/share/interpreter/linkResolver.cpp, line 766]
Event: 0.255 Thread 0x000001bc53038000 Exception <a 'java/lang/NoSuchMethodError'{0x00000000894e5cb0}: 'java.lang.Object java.lang.invoke.DirectMethodHandle$Holder.invokeStatic(java.lang.Object, int, java.lang.Object, java.lang.Object, java.lang.Object)'> (0x00000000894e5cb0) 
thrown [./open/src/hotspot/share/interpreter/linkResolver.cpp, line 766]
Event: 0.255 Thread 0x000001bc53038000 Exception <a 'java/lang/NoSuchMethodError'{0x00000000894e9500}: 'java.lang.Object java.lang.invoke.DirectMethodHandle$Holder.invokeSpecial(java.lang.Object, java.lang.Object, int, java.lang.Object, java.lang.Object, java.lang.Object)'> (0x00000000894e9500) 
thrown [./open/src/hotspot/share/interpreter/linkResolver.cpp, line 766]
Event: 0.258 Thread 0x000001bc53038000 Exception <a 'java/lang/NoSuchMethodError'{0x0000000089313b88}: 'java.lang.Object java.lang.invoke.DirectMethodHandle$Holder.invokeStatic(java.lang.Object, int, java.lang.Object)'> (0x0000000089313b88) 
thrown [./open/src/hotspot/share/interpreter/linkResolver.cpp, line 766]
Event: 0.276 Thread 0x000001bc53038000 Exception <a 'java/lang/ClassNotFoundException'{0x00000000893b72b0}: com/sun/swing/internal/plaf/metal/resources/spi/metalProvider> (0x00000000893b72b0) 
thrown [./open/src/hotspot/share/classfile/systemDictionary.cpp, line 226]
Event: 0.276 Thread 0x000001bc53038000 Exception <a 'java/lang/ClassNotFoundException'{0x00000000893bb318}: com/sun/swing/internal/plaf/basic/resources/spi/basicProvider> (0x00000000893bb318) 
thrown [./open/src/hotspot/share/classfile/systemDictionary.cpp, line 226]
Event: 0.337 Thread 0x000001bc53038000 Exception <a 'java/lang/NoSuchMethodError'{0x000000008917f8a0}: 'int java.lang.invoke.DirectMethodHandle$Holder.invokeSpecialIFC(java.lang.Object, java.lang.Object, int)'> (0x000000008917f8a0) 
thrown [./open/src/hotspot/share/interpreter/linkResolver.cpp, line 766]
Event: 0.379 Thread 0x000001bc53038000 Exception <a 'java/lang/NoSuchMethodError'{0x00000000890758e8}: 'java.lang.Object java.lang.invoke.DirectMethodHandle$Holder.invokeStaticInit(java.lang.Object, int, int, int, int)'> (0x00000000890758e8) 
thrown [./open/src/hotspot/share/interpreter/linkResolver.cpp, line 766]
Event: 0.416 Thread 0x000001bc53038000 Exception <a 'java/lang/NoSuchMethodError'{0x00000000890c8910}: 'java.lang.Object java.lang.invoke.DirectMethodHandle$Holder.invokeStaticInit(java.lang.Object, java.lang.Object, int, int, int, int)'> (0x00000000890c8910) 
thrown [./open/src/hotspot/share/interpreter/linkResolver.cpp, line 766]
Event: 1.243 Thread 0x000001bc53038000 Exception <a 'java/lang/NoSuchMethodError'{0x00000000890e2e80}: 'void java.lang.invoke.DirectMethodHandle$Holder.invokeStatic(java.lang.Object, long)'> (0x00000000890e2e80) 
thrown [./open/src/hotspot/share/interpreter/linkResolver.cpp, line 766]
Event: 1.246 Thread 0x000001bc53038000 Exception <a 'java/lang/NoSuchMethodError'{0x0000000088e00188}: 'java.lang.Object java.lang.invoke.DirectMethodHandle$Holder.invokeStaticInit(java.lang.Object, java.lang.Object, long, java.lang.Object)'> (0x0000000088e00188) 
thrown [./open/src/hotspot/share/interpreter/linkResolver.cpp, line 766]
Event: 1.247 Thread 0x000001bc53038000 Exception <a 'java/lang/NoSuchMethodError'{0x0000000088e05cd0}: 'java.lang.Object java.lang.invoke.Invokers$Holder.linkToTargetMethod(java.lang.Object, long, java.lang.Object)'> (0x0000000088e05cd0) 
thrown [./open/src/hotspot/share/interpreter/linkResolver.cpp, line 766]
Event: 2.113 Thread 0x000001bc53038000 Exception <a 'java/lang/InterruptedException'{0x000000008926ab40}> (0x000000008926ab40) 
thrown [./open/src/hotspot/share/runtime/objectMonitor.cpp, line 1415]
Event: 2.130 Thread 0x000001bc53038000 Exception <a 'java/lang/NoSuchMethodError'{0x000000008928fe20}: 'void java.lang.invoke.DirectMethodHandle$Holder.invokeStaticInit(java.lang.Object)'> (0x000000008928fe20) 
thrown [./open/src/hotspot/share/interpreter/linkResolver.cpp, line 766]
Event: 2.148 Thread 0x000001bc53038000 Exception <a 'java/lang/NoSuchMethodError'{0x00000000892e2fc0}: 'java.lang.Object java.lang.invoke.Invokers$Holder.linkToTargetMethod(java.lang.Object, int, java.lang.Object)'> (0x00000000892e2fc0) 
thrown [./open/src/hotspot/share/interpreter/linkResolver.cpp, line 766]
Event: 2.160 Thread 0x000001bc53038000 Exception <a 'java/lang/reflect/InvocationTargetException'{0x000000008911b6c8}> (0x000000008911b6c8) 
thrown [./open/src/hotspot/share/runtime/reflection.cpp, line 1188]

Events (20 events):
Event: 2.316 loading class java/nio/channels/Channels
Event: 2.316 loading class java/nio/channels/Channels done
Event: 2.316 loading class java/util/Scanner$PatternLRUCache
Event: 2.317 loading class java/util/Scanner$PatternLRUCache done
Event: 2.318 Executing VM operation: HandshakeOneThread
Event: 2.318 Executing VM operation: HandshakeOneThread done
Event: 2.318 Executing VM operation: HandshakeOneThread
Event: 2.318 Executing VM operation: HandshakeOneThread done
Event: 2.319 Executing VM operation: HandshakeOneThread
Event: 2.319 Executing VM operation: HandshakeOneThread done
Event: 2.320 Executing VM operation: HandshakeOneThread
Event: 2.320 Executing VM operation: HandshakeOneThread done
Event: 2.320 loading class sun/text/resources/cldr/FormatData_en_US
Event: 2.320 loading class sun/text/resources/cldr/FormatData_en_US done
Event: 2.326 loading class sun/nio/ch/IOStatus
Event: 2.326 loading class sun/nio/ch/IOStatus done
Event: 2.327 loading class java/util/regex/Pattern$Dollar
Event: 2.327 loading class java/util/regex/Pattern$Dollar done
Event: 2.327 loading class java/util/regex/Matcher$ImmutableMatchResult
Event: 2.327 loading class java/util/regex/Matcher$ImmutableMatchResult done


Dynamic libraries:
0x00007ff676660000 - 0x00007ff67666f000 	C:\Program Files\Java\jdk-14.0.1\bin\java.exe
0x00007fffbbdc0000 - 0x00007fffbbfb0000 	C:\WINDOWS\SYSTEM32\ntdll.dll
0x00007fffb9e70000 - 0x00007fffb9f22000 	C:\WINDOWS\System32\KERNEL32.DLL
0x00007fffb8eb0000 - 0x00007fffb9153000 	C:\WINDOWS\System32\KERNELBASE.dll
0x00007fffb8db0000 - 0x00007fffb8eaa000 	C:\WINDOWS\System32\ucrtbase.dll
0x00007fffb23e0000 - 0x00007fffb23f5000 	C:\Program Files\Java\jdk-14.0.1\bin\VCRUNTIME140.dll
0x00007fffb2400000 - 0x00007fffb2418000 	C:\Program Files\Java\jdk-14.0.1\bin\jli.dll
0x00007fffbac90000 - 0x00007fffbad33000 	C:\WINDOWS\System32\ADVAPI32.dll
0x00007fffbb410000 - 0x00007fffbb4ae000 	C:\WINDOWS\System32\msvcrt.dll
0x00007fffba010000 - 0x00007fffba0a7000 	C:\WINDOWS\System32\sechost.dll
0x00007fffbb280000 - 0x00007fffbb3a0000 	C:\WINDOWS\System32\RPCRT4.dll
0x00007fffbaa70000 - 0x00007fffbac04000 	C:\WINDOWS\System32\USER32.dll
0x00007fffa1420000 - 0x00007fffa16a5000 	C:\WINDOWS\WinSxS\amd64_microsoft.windows.common-controls_6595b64144ccf1df_6.0.18362.778_none_e6c6b761130d4fb8\COMCTL32.dll
0x00007fffb9200000 - 0x00007fffb9221000 	C:\WINDOWS\System32\win32u.dll
0x00007fffbbb20000 - 0x00007fffbbb46000 	C:\WINDOWS\System32\GDI32.dll
0x00007fffbb710000 - 0x00007fffbba46000 	C:\WINDOWS\System32\combase.dll
0x00007fffb9420000 - 0x00007fffb95b4000 	C:\WINDOWS\System32\gdi32full.dll
0x00007fffb9180000 - 0x00007fffb9200000 	C:\WINDOWS\System32\bcryptPrimitives.dll
0x00007fffb9380000 - 0x00007fffb941e000 	C:\WINDOWS\System32\msvcp_win.dll
0x00007fffb3970000 - 0x00007fffb397a000 	C:\WINDOWS\SYSTEM32\VERSION.dll
0x00007fffbb660000 - 0x00007fffbb68e000 	C:\WINDOWS\System32\IMM32.DLL
0x00007fffb8380000 - 0x00007fffb8574000 	C:\WINDOWS\SYSTEM32\dbghelp.dll
0x00007fff81410000 - 0x00007fff814ab000 	C:\Program Files\Java\jdk-14.0.1\bin\msvcp140.dll
0x00007fff56bb0000 - 0x00007fff576ce000 	C:\Program Files\Java\jdk-14.0.1\bin\server\jvm.dll
0x00007fffba000000 - 0x00007fffba008000 	C:\WINDOWS\System32\PSAPI.DLL
0x00007fffaebb0000 - 0x00007fffaebd4000 	C:\WINDOWS\SYSTEM32\WINMM.dll
0x00007fffb42e0000 - 0x00007fffb42e9000 	C:\WINDOWS\SYSTEM32\WSOCK32.dll
0x00007fffbbab0000 - 0x00007fffbbb1f000 	C:\WINDOWS\System32\WS2_32.dll
0x00007fffaeb80000 - 0x00007fffaebad000 	C:\WINDOWS\SYSTEM32\winmmbase.dll
0x00007fffb95c0000 - 0x00007fffb960a000 	C:\WINDOWS\System32\cfgmgr32.dll
0x00007fffb8cb0000 - 0x00007fffb8cc1000 	C:\WINDOWS\System32\kernel.appcore.dll
0x00007fffb56e0000 - 0x00007fffb56ea000 	C:\Program Files\Java\jdk-14.0.1\bin\jimage.dll
0x00007fffb1cb0000 - 0x00007fffb1cda000 	C:\WINDOWS\SYSTEM32\dbgcore.DLL
0x00007fffae4b0000 - 0x00007fffae4d5000 	C:\Program Files\Java\jdk-14.0.1\bin\java.dll
0x00007fffae490000 - 0x00007fffae4a6000 	C:\Program Files\Java\jdk-14.0.1\bin\zip.dll
0x00007fffba380000 - 0x00007fffbaa65000 	C:\WINDOWS\System32\SHELL32.dll
0x00007fffbbcd0000 - 0x00007fffbbd79000 	C:\WINDOWS\System32\shcore.dll
0x00007fffb96c0000 - 0x00007fffb9e40000 	C:\WINDOWS\System32\windows.storage.dll
0x00007fffb8d20000 - 0x00007fffb8d43000 	C:\WINDOWS\System32\profapi.dll
0x00007fffb8cd0000 - 0x00007fffb8d1a000 	C:\WINDOWS\System32\powrprof.dll
0x00007fffb8c80000 - 0x00007fffb8c90000 	C:\WINDOWS\System32\UMPDC.dll
0x00007fffb9f40000 - 0x00007fffb9f92000 	C:\WINDOWS\System32\shlwapi.dll
0x00007fffb9160000 - 0x00007fffb9177000 	C:\WINDOWS\System32\cryptsp.dll
0x00007fffae470000 - 0x00007fffae489000 	C:\Program Files\Java\jdk-14.0.1\bin\net.dll
0x00007fffb3710000 - 0x00007fffb3800000 	C:\WINDOWS\SYSTEM32\WINHTTP.dll
0x00007fffb8870000 - 0x00007fffb88d7000 	C:\WINDOWS\system32\mswsock.dll
0x00007fffae2f0000 - 0x00007fffae302000 	C:\Program Files\Java\jdk-14.0.1\bin\nio.dll
0x00007fffb0ba0000 - 0x00007fffb0bb0000 	C:\Program Files\Java\jdk-14.0.1\bin\verify.dll
0x00007fffadf40000 - 0x00007fffadf5a000 	C:\Program Files\JetBrains\IntelliJ IDEA 2019.1.1\bin\breakgen64.dll
0x00007fff77de0000 - 0x00007fff77f78000 	C:\Program Files\Java\jdk-14.0.1\bin\awt.dll
0x00007fffbbb50000 - 0x00007fffbbc14000 	C:\WINDOWS\System32\OLEAUT32.dll
0x00007fffb6c60000 - 0x00007fffb6cef000 	C:\WINDOWS\SYSTEM32\apphelp.dll
0x00007fffb7220000 - 0x00007fffb724d000 	C:\WINDOWS\system32\DWMAPI.DLL
0x00007fffb6e00000 - 0x00007fffb6e99000 	C:\WINDOWS\system32\uxtheme.dll
0x00007fff881f0000 - 0x00007fff88346000 	C:\WINDOWS\system32\opengl32.dll
0x00007fff88cb0000 - 0x00007fff88cdc000 	C:\WINDOWS\SYSTEM32\GLU32.dll
0x00007fffb76f0000 - 0x00007fffb7710000 	C:\WINDOWS\SYSTEM32\dxcore.dll
0x00007fffba210000 - 0x00007fffba346000 	C:\WINDOWS\System32\MSCTF.dll
0x00007fffba0b0000 - 0x00007fffba207000 	C:\WINDOWS\System32\ole32.dll
0x00007fffb7e00000 - 0x00007fffb7e33000 	C:\WINDOWS\system32\rsaenh.dll
0x00007fffb9e40000 - 0x00007fffb9e66000 	C:\WINDOWS\System32\bcrypt.dll
0x00007fffb8ba0000 - 0x00007fffb8bc5000 	C:\WINDOWS\SYSTEM32\USERENV.dll
0x00007fffb8340000 - 0x00007fffb834c000 	C:\WINDOWS\SYSTEM32\CRYPTBASE.dll
0x00007fffb7ff0000 - 0x00007fffb802a000 	C:\WINDOWS\SYSTEM32\IPHLPAPI.DLL
0x00007fffba370000 - 0x00007fffba378000 	C:\WINDOWS\System32\NSI.dll
0x00007fffb1390000 - 0x00007fffb13a6000 	C:\WINDOWS\SYSTEM32\dhcpcsvc6.DLL
0x00007fffb1370000 - 0x00007fffb138c000 	C:\WINDOWS\SYSTEM32\dhcpcsvc.DLL
0x00007fffb8030000 - 0x00007fffb80fa000 	C:\WINDOWS\SYSTEM32\DNSAPI.dll
0x00000000637c0000 - 0x00000000637cd000 	C:\Users\Ewan\AppData\Local\Temp\jogamp_0000\file_cache\jln15785391742120905676\jln14669536270289328360\gluegen-rt.dll
0x00007fffaf4c0000 - 0x00007fffaf4c7000 	C:\Program Files\Java\jdk-14.0.1\bin\jawt.dll
0x000000006a440000 - 0x000000006a44d000 	C:\Users\Ewan\AppData\Local\Temp\jogamp_0000\file_cache\jln15785391742120905676\jln14669536270289328360\nativewindow_awt.dll
0x000000006c100000 - 0x000000006c10f000 	C:\Users\Ewan\AppData\Local\Temp\jogamp_0000\file_cache\jln15785391742120905676\jln14669536270289328360\nativewindow_win32.dll
0x0000000064500000 - 0x00000000645ae000 	C:\Users\Ewan\AppData\Local\Temp\jogamp_0000\file_cache\jln15785391742120905676\jln14669536270289328360\jogl_desktop.dll
0x0000000064340000 - 0x00000000643a0000 	C:\Users\Ewan\AppData\Local\Temp\jogamp_0000\file_cache\jln15785391742120905676\jln14669536270289328360\jogl_mobile.dll
0x00007fff55d00000 - 0x00007fff56bab000 	C:\WINDOWS\System32\DriverStore\FileRepository\igdlh64.inf_amd64_16ed7d82b93e4f68\ig9icd64.dll
0x00007fffb7780000 - 0x00007fffb786b000 	C:\WINDOWS\system32\dxgi.dll
0x00007fff81320000 - 0x00007fff81403000 	C:\WINDOWS\System32\DriverStore\FileRepository\igdlh64.inf_amd64_16ed7d82b93e4f68\igdgmm64.dll
0x00007fff93cd0000 - 0x00007fff95c4c000 	C:\WINDOWS\System32\DriverStore\FileRepository\igdlh64.inf_amd64_16ed7d82b93e4f68\igc64.dll
0x00007fff9a110000 - 0x00007fff9a192000 	C:\Program Files\Java\jdk-14.0.1\bin\freetype.dll
0x00007fff7fb90000 - 0x00007fff7fc36000 	C:\Program Files\Java\jdk-14.0.1\bin\fontmanager.dll
0x00007fff99b70000 - 0x00007fff99c0e000 	C:\WINDOWS\System32\TextInputFramework.dll
0x00007fffb6a20000 - 0x00007fffb6af4000 	C:\WINDOWS\System32\CoreMessaging.dll
0x00007fff99720000 - 0x00007fff99a4a000 	C:\WINDOWS\System32\CoreUIComponents.dll
0x00007fffb7ae0000 - 0x00007fffb7b11000 	C:\WINDOWS\SYSTEM32\ntmarta.dll
0x00007fffb4b50000 - 0x00007fffb4ca3000 	C:\WINDOWS\SYSTEM32\wintypes.dll
0x00007fffaefe0000 - 0x00007fffaf286000 	C:\WINDOWS\System32\iertutil.dll

dbghelp: loaded successfully - version: 4.0.5 - missing functions: none
symbol engine: initialized successfully - sym options: 0x614 - pdb path: .;C:\Program Files\Java\jdk-14.0.1\bin;C:\WINDOWS\SYSTEM32;C:\WINDOWS\WinSxS\amd64_microsoft.windows.common-controls_6595b64144ccf1df_6.0.18362.778_none_e6c6b761130d4fb8;C:\Program Files\Java\jdk-14.0.1\bin\server;C:\Program Files\JetBrains\IntelliJ IDEA 2019.1.1\bin;C:\Users\Ewan\AppData\Local\Temp\jogamp_0000\file_cache\jln15785391742120905676\jln14669536270289328360;C:\WINDOWS\System32\DriverStore\FileRepository\igdlh64.inf_amd64_16ed7d82b93e4f68

VM Arguments:
jvm_args: -Dvisualvm.id=266325669510499 -Didea.launcher.port=62988 -Didea.launcher.bin.path=C:\Program Files\JetBrains\IntelliJ IDEA 2019.1.1\bin -Dfile.encoding=UTF-8 
java_command: com.intellij.rt.execution.application.AppMainV2 P2_4.Code
java_class_path (initial): C:\Users\Ewan\IdeaProjects\JOGL_14\target\classes;C:\Users\Ewan\.m2\repository\org\jogamp\gluegen\gluegen-rt-main\2.3.1\gluegen-rt-main-2.3.1.jar;C:\Users\Ewan\.m2\repository\org\jogamp\gluegen\gluegen-rt\2.3.1\gluegen-rt-2.3.1.jar;C:\Users\Ewan\.m2\repository\org\jogamp\gluegen\gluegen-rt\2.3.1\gluegen-rt-2.3.1-natives-android-aarch64.jar;C:\Users\Ewan\.m2\repository\org\jogamp\gluegen\gluegen-rt\2.3.1\gluegen-rt-2.3.1-natives-android-armv6.jar;C:\Users\Ewan\.m2\repository\org\jogamp\gluegen\gluegen-rt\2.3.1\gluegen-rt-2.3.1-natives-linux-amd64.jar;C:\Users\Ewan\.m2\repository\org\jogamp\gluegen\gluegen-rt\2.3.1\gluegen-rt-2.3.1-natives-linux-armv6.jar;C:\Users\Ewan\.m2\repository\org\jogamp\gluegen\gluegen-rt\2.3.1\gluegen-rt-2.3.1-natives-linux-armv6hf.jar;C:\Users\Ewan\.m2\repository\org\jogamp\gluegen\gluegen-rt\2.3.1\gluegen-rt-2.3.1-natives-linux-i586.jar;C:\Users\Ewan\.m2\repository\org\jogamp\gluegen\gluegen-rt\2.3.1\gluegen-rt-2.3.1-natives-macosx-universal.jar;C:\Users\Ewan\.m2\repository\org\jogamp\gluegen\gluegen-rt\2.3.1\gluegen-rt-2.3.1-natives-solaris-amd64.jar;C:\Users\Ewan\.m2\repository\org\jogamp\gluegen\gluegen-rt\2.3.1\gluegen-rt-2.3.1-natives-solaris-i586.jar;C:\Users\Ewan\.m2\repository\org\jogamp\gluegen\gluegen-rt\2.3.1\gluegen-rt-2.3.1-natives-windows-amd64.jar;C:\Users\Ewan\.m2\repository\org\jogamp\gluegen\gluegen-rt\2.3.1\gluegen-rt-2.3.1-natives-windows-i586.jar;C:\Users\Ewan\.m2\repository\org\jogamp\jogl\jogl-all-main\2.3.1\jogl-all-main-2.3.1.jar;C:\Users\Ewan\.m2\repository\org\jogamp\jogl\jogl-all\2.3.1\jogl-all-2.3.1.jar;C:\Users\Ewan\.m2\repository\org\jogamp\jogl\jogl-all\2.3.1\jogl-all-2.3.1-natives-android-aarch64.jar;C:\Users\Ewan\.m2\repository\org\jogamp\jogl\jogl-all\2.3.1\jogl-all-2.3.1-natives-android-armv6.jar;C:\Users\Ewan\.m2\repository\org\jogamp\jogl\jogl-all\2.3.1\jogl-all-2.3.1-natives-linux-amd64.jar;C:\Users\Ewan\.m2\repository\org\jogamp\jogl\jogl-all\2.3.1\jogl-all-2.3.1-natives-l
Launcher Type: SUN_STANDARD

[Global flags]
     intx CICompilerCount                          = 4                                         {product} {ergonomic}
     uint ConcGCThreads                            = 2                                         {product} {ergonomic}
     uint G1ConcRefinementThreads                  = 8                                         {product} {ergonomic}
   size_t G1HeapRegionSize                         = 1048576                                   {product} {ergonomic}
    uintx GCDrainStackTargetSize                   = 64                                        {product} {ergonomic}
   size_t InitialHeapSize                          = 134217728                                 {product} {ergonomic}
   size_t MarkStackSize                            = 4194304                                   {product} {ergonomic}
   size_t MaxHeapSize                              = 2122317824                                {product} {ergonomic}
   size_t MaxNewSize                               = 1272971264                                {product} {ergonomic}
   size_t MinHeapDeltaBytes                        = 1048576                                   {product} {ergonomic}
   size_t MinHeapSize                              = 8388608                                   {product} {ergonomic}
    uintx NonNMethodCodeHeapSize                   = 5839372                                {pd product} {ergonomic}
    uintx NonProfiledCodeHeapSize                  = 122909434                              {pd product} {ergonomic}
    uintx ProfiledCodeHeapSize                     = 122909434                              {pd product} {ergonomic}
    uintx ReservedCodeCacheSize                    = 251658240                              {pd product} {ergonomic}
     bool SegmentedCodeCache                       = true                                      {product} {ergonomic}
   size_t SoftMaxHeapSize                          = 2122317824                             {manageable} {ergonomic}
     bool UseCompressedClassPointers               = true                                 {lp64_product} {ergonomic}
     bool UseCompressedOops                        = true                                 {lp64_product} {ergonomic}
     bool UseG1GC                                  = true                                      {product} {ergonomic}
     bool UseLargePagesIndividualAllocation        = false                                  {pd product} {ergonomic}

Logging:
Log output configuration:
 #0: stdout all=warning uptime,level,tags
 #1: stderr all=off uptime,level,tags

Environment Variables:
PATH=C:\Program Files (x86)\NVIDIA Corporation\PhysX\Common;C:\Program Files (x86)\Common Files\Oracle\Java\javapath;C:\WINDOWS\system32;C:\WINDOWS;C:\WINDOWS\System32\Wbem;C:\WINDOWS\System32\WindowsPowerShell\v1.0\;C:\WINDOWS\System32\OpenSSH\;C:\Program Files\Git\cmd;C:\Program Files\Microsoft Windows Performance Toolkit\;C:\Program Files\Microsoft SQL Server\Client SDK\ODBC\110\Tools\Binn\;C:\Program Files (x86)\Microsoft SQL Server\120\Tools\Binn\;C:\Program Files\Microsoft SQL Server\120\Tools\Binn\;C:\Program Files\Microsoft SQL Server\120\DTS\Binn\;C:\Program Files (x86)\Windows Kits\8.1\Windows Performance Toolkit\;C:\Program Files\MATLAB\R2018a\runtime\win64;C:\Program Files\MATLAB\R2018a\bin;C:\Program Files\TortoiseSVN\bin;C:\Program Files\CMake\bin;C:\python\37_x64\Scripts\;C:\python\37_x64\;C:\Users\Ewan\AppData\Local\Microsoft\WindowsApps;;C:\Users\Ewan\Documents\IntelliJ\IntelliJ IDEA Community Edition 2018.3.2\bin;;C:\Users\Ewan\Documents\IntelliJ\PyCharm Community Edition 2018.3.2\bin;;C:\Program Files\JetBrains\IntelliJ IDEA 2019.1.1\bin;
USERNAME=Ewan
OS=Windows_NT
PROCESSOR_IDENTIFIER=Intel64 Family 6 Model 142 Stepping 10, GenuineIntel



---------------  S Y S T E M  ---------------

OS: Windows 10 , 64 bit Build 18362 (10.0.18362.778)
OS uptime: 3 days 1:58 hours

CPU:total 8 (initial active 8) (4 cores per cpu, 2 threads per core) family 6 model 142 stepping 10, cmov, cx8, fxsr, mmx, sse, sse2, sse3, ssse3, sse4.1, sse4.2, popcnt, avx, avx2, aes, clmul, erms, 3dnowpref, lzcnt, ht, tsc, tscinvbit, bmi1, bmi2, adx, fma

Memory: 4k page, system-wide physical 8088M (1915M free)
TotalPageFile size 15581M (AvailPageFile size 2627M)
current process WorkingSet (physical memory assigned to process): 119M, peak: 119M
current process commit charge ("private bytes"): 283M, peak: 283M

vm_info: Java HotSpot(TM) 64-Bit Server VM (14.0.1+7) for windows-amd64 JRE (14.0.1+7), built on Mar  5 2020 10:30:14 by "mach5one" with MS VC++ 15.9 (VS2017)

END.
